Arguments: 
  C:\Program Files\nodejs\node.exe C:\Users\renat\AppData\Roaming\npm\node_modules\yarn\bin\yarn.js add --dev stylehint stylehint-config-sass-guidelines stylelint-config-prettier stylelint-prettier prettier

PATH: 
  C:\WINDOWS\system32;C:\WINDOWS;C:\WINDOWS\System32\Wbem;C:\WINDOWS\System32\WindowsPowerShell\v1.0\;C:\WINDOWS\System32\OpenSSH\;C:\Program Files\nodejs\;C:\Program Files\Git\cmd;C:\Program Files\Go\bin;C:\Users\renat\AppData\Local\Microsoft\WindowsApps;C:\Users\renat\AppData\Local\Programs\Microsoft VS Code\bin;C:\Users\renat\AppData\Roaming\npm;C:\Program Files\heroku\bin;C:\Users\renat\go\bin

Yarn version: 
  1.22.18

Node version: 
  16.14.2

Platform: 
  win32 x64

Trace: 
  Error: https://registry.yarnpkg.com/stylehint: Not found
      at Request.params.callback [as _callback] (C:\Users\renat\AppData\Roaming\npm\node_modules\yarn\lib\cli.js:66138:18)
      at Request.self.callback (C:\Users\renat\AppData\Roaming\npm\node_modules\yarn\lib\cli.js:140883:22)
      at Request.emit (node:events:526:28)
      at Request.<anonymous> (C:\Users\renat\AppData\Roaming\npm\node_modules\yarn\lib\cli.js:141855:10)
      at Request.emit (node:events:526:28)
      at IncomingMessage.<anonymous> (C:\Users\renat\AppData\Roaming\npm\node_modules\yarn\lib\cli.js:141777:12)
      at Object.onceWrapper (node:events:645:28)
      at IncomingMessage.emit (node:events:538:35)
      at endReadableNT (node:internal/streams/readable:1345:12)
      at processTicksAndRejections (node:internal/process/task_queues:83:21)

npm manifest: 
  {
    "name": "@dse.e/scss",
    "version": "1.0.0",
    "main": "index.js",
    "license": "MIT",
    "dependencies": {
      "normalize.scss": "^0.1.0"
    }
  }

yarn manifest: 
  No manifest

Lockfile: 
  # THIS IS AN AUTOGENERATED FILE. DO NOT EDIT THIS FILE DIRECTLY.
  # yarn lockfile v1
  
  
  normalize.scss@^0.1.0:
    version "0.1.0"
    resolved "https://registry.yarnpkg.com/normalize.scss/-/normalize.scss-0.1.0.tgz#4a21dc25bd4c019c857785f829b658aba2a8f9ab"
    integrity sha512-jDWpqqw6CE+bO8PZhHkNxGsq4U9Qc9EnneJAfx7CD7TJU9MzRu8XvisybJDqLo0MOfAwR3GxOaECjJaFH2Pomw==
